<?xml version="1.0" encoding="UTF-8"?>
<!-- Generated by org.testng.reporters.JUnitReportReporter -->
<testsuite hostname="PAVANKUMAR" failures="0" tests="1" name="saucedemoTests.GetAllProductData" time="0.836" errors="0" timestamp="2023-01-09T15:54:13 IST" skipped="0">
  <testcase classname="saucedemoTests.GetAllProductData" name="getAllData" time="0.836"/>
  <system-out>
    <![CDATA[Sauce Labs Backpack
Sauce Labs Bike Light
Sauce Labs Bolt T-Shirt
Sauce Labs Fleece Jacket
Sauce Labs Onesie
Test.allTheThings() T-Shirt (Red)]]>
  </system-out>
</testsuite> <!-- saucedemoTests.GetAllProductData -->
