<?xml version="1.0" encoding="UTF-8"?>
<!-- Generated by org.testng.reporters.JUnitReportReporter -->
<testsuite hostname="PAVANKUMAR" failures="0" tests="1" name="saucedemoTests.AddProduct" time="1.840" errors="0" timestamp="2023-01-09T14:51:26 IST" skipped="0">
  <testcase classname="saucedemoTests.AddProduct" name="addproduct" time="1.840"/>
  <system-out/>
</testsuite> <!-- saucedemoTests.AddProduct -->
