<?xml version="1.0" encoding="UTF-8"?>
<!-- Generated by org.testng.reporters.JUnitReportReporter -->
<testsuite hostname="PAVANKUMAR" failures="0" tests="1" name="saucedemoTests.GetAllProductDataTest" time="0.864" errors="0" timestamp="2023-01-10T12:18:03 IST" skipped="0">
  <testcase classname="saucedemoTests.GetAllProductDataTest" name="getAllDataTest" time="0.864"/>
  <system-out>
    <![CDATA[Sauce Labs Backpack
Sauce Labs Bike Light
Sauce Labs Bolt T-Shirt
Sauce Labs Fleece Jacket
Sauce Labs Onesie
Test.allTheThings() T-Shirt (Red)]]>
  </system-out>
</testsuite> <!-- saucedemoTests.GetAllProductDataTest -->
